0 info it worked if it ends with ok
1 verbose cli [ '/usr/local/bin/node', '/usr/local/bin/npm', 'run', 'db2' ]
2 info using npm@3.8.8
3 info using node@v6.0.0
4 verbose run-script [ 'predb2', 'db2', 'postdb2' ]
5 info lifecycle super-static-site-starter@0.1.0~predb2: super-static-site-starter@0.1.0
6 silly lifecycle super-static-site-starter@0.1.0~predb2: no script for predb2, continuing
7 info lifecycle super-static-site-starter@0.1.0~db2: super-static-site-starter@0.1.0
8 verbose lifecycle super-static-site-starter@0.1.0~db2: unsafe-perm in lifecycle true
9 verbose lifecycle super-static-site-starter@0.1.0~db2: PATH: /usr/local/lib/node_modules/npm/bin/node-gyp-bin:/mnt/AllData/hacking/active-dev-repos/Super-Static-Site-Starter/node_modules/.bin:/usr/local/bin:/home/david/bin:/usr/local/sbin:/usr/local/bin:/usr/sbin:/usr/bin:/sbin:/bin:/usr/games:/usr/local/games
10 verbose lifecycle super-static-site-starter@0.1.0~db2: CWD: /mnt/AllData/hacking/active-dev-repos/Super-Static-Site-Starter
11 silly lifecycle super-static-site-starter@0.1.0~db2: Args: [ '-c', 'DEBUG=debug:1,debug:2 node 4s.js' ]
12 silly lifecycle super-static-site-starter@0.1.0~db2: Returned: code: 1  signal: null
13 info lifecycle super-static-site-starter@0.1.0~db2: Failed to exec db2 script
14 verbose stack Error: super-static-site-starter@0.1.0 db2: `DEBUG=debug:1,debug:2 node 4s.js`
14 verbose stack Exit status 1
14 verbose stack     at EventEmitter.<anonymous> (/usr/local/lib/node_modules/npm/lib/utils/lifecycle.js:244:16)
14 verbose stack     at emitTwo (events.js:106:13)
14 verbose stack     at EventEmitter.emit (events.js:191:7)
14 verbose stack     at ChildProcess.<anonymous> (/usr/local/lib/node_modules/npm/lib/utils/spawn.js:24:14)
14 verbose stack     at emitTwo (events.js:106:13)
14 verbose stack     at ChildProcess.emit (events.js:191:7)
14 verbose stack     at maybeClose (internal/child_process.js:850:16)
14 verbose stack     at Process.ChildProcess._handle.onexit (internal/child_process.js:215:5)
15 verbose pkgid super-static-site-starter@0.1.0
16 verbose cwd /mnt/AllData/hacking/active-dev-repos/Super-Static-Site-Starter
17 error Linux 3.13.0-37-generic
18 error argv "/usr/local/bin/node" "/usr/local/bin/npm" "run" "db2"
19 error node v6.0.0
20 error npm  v3.8.8
21 error code ELIFECYCLE
22 error super-static-site-starter@0.1.0 db2: `DEBUG=debug:1,debug:2 node 4s.js`
22 error Exit status 1
23 error Failed at the super-static-site-starter@0.1.0 db2 script 'DEBUG=debug:1,debug:2 node 4s.js'.
23 error Make sure you have the latest version of node.js and npm installed.
23 error If you do, this is most likely a problem with the super-static-site-starter package,
23 error not with npm itself.
23 error Tell the author that this fails on your system:
23 error     DEBUG=debug:1,debug:2 node 4s.js
23 error You can get information on how to open an issue for this project with:
23 error     npm bugs super-static-site-starter
23 error Or if that isn't available, you can get their info via:
23 error     npm owner ls super-static-site-starter
23 error There is likely additional logging output above.
24 verbose exit [ 1, true ]
